<?xml version="1.0" encoding="UTF-8"?>
<coverage generated="1785352555189" clover="3.2.0">
  <project timestamp="1785352555189" name="All files">
    <metrics statements="12" coveredstatements="10" conditionals="14" coveredconditionals="12" methods="3" coveredmethods="3" elements="29" coveredelements="25" complexity="0" loc="12" ncloc="12" packages="1" files="2" classes="2"/>
    <file name="ConfirmationModal.jsx" path="D:\InternShipProjects\CampusConnect\frontend\src\components\ConfirmationModal.jsx">
      <metrics statements="8" coveredstatements="6" conditionals="9" coveredconditionals="7" methods="2" coveredmethods="2"/>
      <line num="11" count="4" type="cond" truecount="2" falsecount="0"/>
      <line num="13" count="3" type="stmt"/>
      <line num="14" count="3" type="cond" truecount="1" falsecount="2"/>
      <line num="16" count="3" type="stmt"/>
      <line num="27" count="0" type="stmt"/>
      <line num="38" count="0" type="stmt"/>
      <line num="51" count="3" type="stmt"/>
      <line num="53" count="3" type="stmt"/>
    </file>
    <file name="Loading.jsx" path="D:\InternShipProjects\CampusConnect\frontend\src\components\Loading.jsx">
      <metrics statements="4" coveredstatements="4" conditionals="5" coveredconditionals="5" methods="1" coveredmethods="1"/>
      <line num="11" count="3" type="stmt"/>
      <line num="17" count="3" type="stmt"/>
      <line num="23" count="3" type="cond" truecount="2" falsecount="0"/>
      <line num="27" count="3" type="stmt"/>
    </file>
  </project>
</coverage>
