{"D:\\InternShipProjects\\CampusConnect\\frontend\\src\\components\\ConfirmationModal.jsx": {"path":"D:\\InternShipProjects\\CampusConnect\\frontend\\src\\components\\ConfirmationModal.jsx","statementMap":{"0":{"start":{"line":11,"column":2},"end":{"line":11,"column":26}},"1":{"start":{"line":11,"column":15},"end":{"line":11,"column":26}},"2":{"start":{"line":13,"column":24},"end":{"line":49,"column":3}},"3":{"start":{"line":14,"column":4},"end":{"line":48,"column":5}},"4":{"start":{"line":16,"column":8},"end":{"line":25,"column":9}},"5":{"start":{"line":27,"column":8},"end":{"line":36,"column":9}},"6":{"start":{"line":38,"column":8},"end":{"line":47,"column":9}},"7":{"start":{"line":51,"column":17},"end":{"line":51,"column":32}},"8":{"start":{"line":53,"column":2},"end":{"line":103,"column":3}}},"fnMap":{"0":{"name":"ConfirmationModal","decl":{"start":{"line":1,"column":24},"end":{"line":1,"column":41}},"loc":{"start":{"line":10,"column":3},"end":{"line":104,"column":1}},"line":10},"1":{"name":"(anonymous_1)","decl":{"start":{"line":13,"column":24},"end":{"line":13,"column":25}},"loc":{"start":{"line":13,"column":30},"end":{"line":49,"column":3}},"line":13}},"branchMap":{"0":{"loc":{"start":{"line":3,"column":2},"end":{"line":3,"column":26}},"type":"default-arg","locations":[{"start":{"line":3,"column":10},"end":{"line":3,"column":26}}],"line":3},"1":{"loc":{"start":{"line":5,"column":2},"end":{"line":5,"column":25}},"type":"default-arg","locations":[{"start":{"line":5,"column":16},"end":{"line":5,"column":25}}],"line":5},"2":{"loc":{"start":{"line":6,"column":2},"end":{"line":6,"column":23}},"type":"default-arg","locations":[{"start":{"line":6,"column":15},"end":{"line":6,"column":23}}],"line":6},"3":{"loc":{"start":{"line":9,"column":2},"end":{"line":9,"column":17}},"type":"default-arg","locations":[{"start":{"line":9,"column":9},"end":{"line":9,"column":17}}],"line":9},"4":{"loc":{"start":{"line":11,"column":2},"end":{"line":11,"column":26}},"type":"if","locations":[{"start":{"line":11,"column":2},"end":{"line":11,"column":26}},{"start":{},"end":{}}],"line":11},"5":{"loc":{"start":{"line":14,"column":4},"end":{"line":48,"column":5}},"type":"switch","locations":[{"start":{"line":15,"column":6},"end":{"line":25,"column":9}},{"start":{"line":26,"column":6},"end":{"line":36,"column":9}},{"start":{"line":37,"column":6},"end":{"line":47,"column":9}}],"line":14}},"s":{"0":4,"1":1,"2":3,"3":3,"4":3,"5":0,"6":0,"7":3,"8":3},"f":{"0":4,"1":3},"b":{"0":[3],"1":[3],"2":[3],"3":[4],"4":[1,3],"5":[3,0,0]},"_coverageSchema":"1a1c01bbd47fc00a2c39e90264f33305004495a9","hash":"c13c59a171defa084993d864eb312b0ba6d98c69"}
,"D:\\InternShipProjects\\CampusConnect\\frontend\\src\\components\\Loading.jsx": {"path":"D:\\InternShipProjects\\CampusConnect\\frontend\\src\\components\\Loading.jsx","statementMap":{"0":{"start":{"line":11,"column":22},"end":{"line":15,"column":3}},"1":{"start":{"line":17,"column":26},"end":{"line":21,"column":3}},"2":{"start":{"line":23,"column":27},"end":{"line":25,"column":54}},"3":{"start":{"line":27,"column":2},"end":{"line":39,"column":3}}},"fnMap":{"0":{"name":"Loading","decl":{"start":{"line":10,"column":24},"end":{"line":10,"column":31}},"loc":{"start":{"line":10,"column":87},"end":{"line":40,"column":1}},"line":10}},"branchMap":{"0":{"loc":{"start":{"line":10,"column":34},"end":{"line":10,"column":50}},"type":"default-arg","locations":[{"start":{"line":10,"column":41},"end":{"line":10,"column":50}}],"line":10},"1":{"loc":{"start":{"line":10,"column":52},"end":{"line":10,"column":70}},"type":"default-arg","locations":[{"start":{"line":10,"column":65},"end":{"line":10,"column":70}}],"line":10},"2":{"loc":{"start":{"line":10,"column":72},"end":{"line":10,"column":83}},"type":"default-arg","locations":[{"start":{"line":10,"column":79},"end":{"line":10,"column":83}}],"line":10},"3":{"loc":{"start":{"line":23,"column":27},"end":{"line":25,"column":54}},"type":"cond-expr","locations":[{"start":{"line":24,"column":6},"end":{"line":24,"column":76}},{"start":{"line":25,"column":6},"end":{"line":25,"column":54}}],"line":23}},"s":{"0":3,"1":3,"2":3,"3":3},"f":{"0":3},"b":{"0":[2],"1":[2],"2":[3],"3":[1,2]},"_coverageSchema":"1a1c01bbd47fc00a2c39e90264f33305004495a9","hash":"1e6fffd5ce09e5b1f7abdad5237da498a5424689"}
}
