TN:
SF:src\components\ConfirmationModal.jsx
FN:1,ConfirmationModal
FN:13,(anonymous_1)
FNF:2
FNH:2
FNDA:4,ConfirmationModal
FNDA:3,(anonymous_1)
DA:11,4
DA:13,3
DA:14,3
DA:16,3
DA:27,0
DA:38,0
DA:51,3
DA:53,3
LF:8
LH:6
BRDA:3,0,0,3
BRDA:5,1,0,3
BRDA:6,2,0,3
BRDA:9,3,0,4
BRDA:11,4,0,1
BRDA:11,4,1,3
BRDA:14,5,0,3
BRDA:14,5,1,0
BRDA:14,5,2,0
BRF:9
BRH:7
end_of_record
TN:
SF:src\components\Loading.jsx
FN:10,Loading
FNF:1
FNH:1
FNDA:3,Loading
DA:11,3
DA:17,3
DA:23,3
DA:27,3
LF:4
LH:4
BRDA:10,0,0,2
BRDA:10,1,0,2
BRDA:10,2,0,3
BRDA:23,3,0,1
BRDA:23,3,1,2
BRF:5
BRH:5
end_of_record
