{"D:\\InternShipProjects\\CampusConnect\\Backend\\middleware\\VerifyToken.js": {"path":"D:\\InternShipProjects\\CampusConnect\\Backend\\middleware\\VerifyToken.js","statementMap":{"0":{"start":{"line":1,"column":12},"end":{"line":1,"column":35}},"1":{"start":{"line":2,"column":15},"end":{"line":2,"column":46}},"2":{"start":{"line":3,"column":0},"end":{"line":53,"column":1}},"3":{"start":{"line":5,"column":23},"end":{"line":5,"column":51}},"4":{"start":{"line":6,"column":4},"end":{"line":6,"column":27}},"5":{"start":{"line":9,"column":4},"end":{"line":16,"column":5}},"6":{"start":{"line":10,"column":8},"end":{"line":10,"column":85}},"7":{"start":{"line":12,"column":8},"end":{"line":15,"column":11}},"8":{"start":{"line":19,"column":18},"end":{"line":19,"column":42}},"9":{"start":{"line":21,"column":4},"end":{"line":51,"column":5}},"10":{"start":{"line":24,"column":23},"end":{"line":24,"column":49}},"11":{"start":{"line":25,"column":8},"end":{"line":25,"column":46}},"12":{"start":{"line":27,"column":21},"end":{"line":34,"column":10}},"13":{"start":{"line":37,"column":8},"end":{"line":37,"column":38}},"14":{"start":{"line":38,"column":8},"end":{"line":38,"column":29}},"15":{"start":{"line":39,"column":8},"end":{"line":39,"column":33}},"16":{"start":{"line":40,"column":8},"end":{"line":40,"column":27}},"17":{"start":{"line":41,"column":8},"end":{"line":41,"column":14}},"18":{"start":{"line":44,"column":8},"end":{"line":44,"column":71}},"19":{"start":{"line":47,"column":8},"end":{"line":50,"column":11}}},"fnMap":{"0":{"name":"(anonymous_0)","decl":{"start":{"line":3,"column":22},"end":{"line":3,"column":23}},"loc":{"start":{"line":3,"column":48},"end":{"line":53,"column":1}},"line":3}},"branchMap":{"0":{"loc":{"start":{"line":9,"column":4},"end":{"line":16,"column":5}},"type":"if","locations":[{"start":{"line":9,"column":4},"end":{"line":16,"column":5}},{"start":{},"end":{}}],"line":9},"1":{"loc":{"start":{"line":9,"column":8},"end":{"line":9,"column":56}},"type":"binary-expr","locations":[{"start":{"line":9,"column":8},"end":{"line":9,"column":19}},{"start":{"line":9,"column":23},"end":{"line":9,"column":56}}],"line":9}},"s":{"0":1,"1":1,"2":1,"3":3,"4":3,"5":3,"6":1,"7":1,"8":2,"9":2,"10":2,"11":1,"12":1,"13":1,"14":1,"15":1,"16":1,"17":1,"18":1,"19":1},"f":{"0":3},"b":{"0":[1,2],"1":[3,2]},"_coverageSchema":"1a1c01bbd47fc00a2c39e90264f33305004495a9","hash":"63ac6ba03f9549968d6cc2872c5ddd5cc27644dc"}
,"D:\\InternShipProjects\\CampusConnect\\Backend\\middleware\\auth.middleware.js": {"path":"D:\\InternShipProjects\\CampusConnect\\Backend\\middleware\\auth.middleware.js","statementMap":{"0":{"start":{"line":1,"column":12},"end":{"line":1,"column":35}},"1":{"start":{"line":3,"column":0},"end":{"line":12,"column":2}},"2":{"start":{"line":5,"column":18},"end":{"line":5,"column":58}},"3":{"start":{"line":7,"column":18},"end":{"line":7,"column":55}},"4":{"start":{"line":11,"column":4},"end":{"line":11,"column":17}}},"fnMap":{"0":{"name":"(anonymous_0)","decl":{"start":{"line":3,"column":19},"end":{"line":3,"column":20}},"loc":{"start":{"line":3,"column":40},"end":{"line":12,"column":1}},"line":3}},"branchMap":{},"s":{"0":1,"1":1,"2":2,"3":2,"4":2},"f":{"0":2},"b":{},"_coverageSchema":"1a1c01bbd47fc00a2c39e90264f33305004495a9","hash":"30a72dad3cdb740585e3b10fd83a0b1204ad2a6c"}
,"D:\\InternShipProjects\\CampusConnect\\Backend\\middleware\\optionalAuth.js": {"path":"D:\\InternShipProjects\\CampusConnect\\Backend\\middleware\\optionalAuth.js","statementMap":{"0":{"start":{"line":1,"column":12},"end":{"line":1,"column":35}},"1":{"start":{"line":2,"column":15},"end":{"line":2,"column":46}},"2":{"start":{"line":9,"column":0},"end":{"line":55,"column":2}},"3":{"start":{"line":11,"column":23},"end":{"line":11,"column":51}},"4":{"start":{"line":14,"column":4},"end":{"line":18,"column":5}},"5":{"start":{"line":15,"column":8},"end":{"line":15,"column":32}},"6":{"start":{"line":16,"column":8},"end":{"line":16,"column":76}},"7":{"start":{"line":17,"column":8},"end":{"line":17,"column":22}},"8":{"start":{"line":21,"column":18},"end":{"line":21,"column":42}},"9":{"start":{"line":23,"column":4},"end":{"line":54,"column":5}},"10":{"start":{"line":24,"column":23},"end":{"line":24,"column":75}},"11":{"start":{"line":26,"column":21},"end":{"line":29,"column":10}},"12":{"start":{"line":31,"column":8},"end":{"line":41,"column":9}},"13":{"start":{"line":32,"column":12},"end":{"line":36,"column":14}},"14":{"start":{"line":39,"column":12},"end":{"line":39,"column":36}},"15":{"start":{"line":42,"column":8},"end":{"line":42,"column":34}},"16":{"start":{"line":44,"column":8},"end":{"line":44,"column":22}},"17":{"start":{"line":50,"column":8},"end":{"line":50,"column":34}},"18":{"start":{"line":51,"column":8},"end":{"line":51,"column":76}},"19":{"start":{"line":52,"column":8},"end":{"line":52,"column":32}},"20":{"start":{"line":53,"column":8},"end":{"line":53,"column":15}}},"fnMap":{"0":{"name":"(anonymous_0)","decl":{"start":{"line":9,"column":23},"end":{"line":9,"column":24}},"loc":{"start":{"line":9,"column":49},"end":{"line":55,"column":1}},"line":9}},"branchMap":{"0":{"loc":{"start":{"line":14,"column":4},"end":{"line":18,"column":5}},"type":"if","locations":[{"start":{"line":14,"column":4},"end":{"line":18,"column":5}},{"start":{},"end":{}}],"line":14},"1":{"loc":{"start":{"line":14,"column":8},"end":{"line":14,"column":56}},"type":"binary-expr","locations":[{"start":{"line":14,"column":8},"end":{"line":14,"column":19}},{"start":{"line":14,"column":23},"end":{"line":14,"column":56}}],"line":14},"2":{"loc":{"start":{"line":24,"column":41},"end":{"line":24,"column":74}},"type":"binary-expr","locations":[{"start":{"line":24,"column":41},"end":{"line":24,"column":63}},{"start":{"line":24,"column":67},"end":{"line":24,"column":74}}],"line":24},"3":{"loc":{"start":{"line":31,"column":8},"end":{"line":41,"column":9}},"type":"if","locations":[{"start":{"line":31,"column":8},"end":{"line":41,"column":9}},{"start":{"line":38,"column":15},"end":{"line":41,"column":9}}],"line":31}},"s":{"0":1,"1":1,"2":1,"3":2,"4":2,"5":1,"6":1,"7":1,"8":1,"9":1,"10":1,"11":0,"12":0,"13":0,"14":0,"15":0,"16":0,"17":1,"18":1,"19":1,"20":1},"f":{"0":2},"b":{"0":[1,1],"1":[2,1],"2":[1,1],"3":[0,0]},"_coverageSchema":"1a1c01bbd47fc00a2c39e90264f33305004495a9","hash":"4254fe9b0676e0057a487ed34bff909306e63f12"}
,"D:\\InternShipProjects\\CampusConnect\\Backend\\middleware\\sanitize.js": {"path":"D:\\InternShipProjects\\CampusConnect\\Backend\\middleware\\sanitize.js","statementMap":{"0":{"start":{"line":1,"column":17},"end":{"line":1,"column":45}},"1":{"start":{"line":3,"column":0},"end":{"line":12,"column":2}},"2":{"start":{"line":14,"column":0},"end":{"line":27,"column":2}}},"fnMap":{},"branchMap":{},"s":{"0":0,"1":0,"2":0},"f":{},"b":{}}
}
