TN:
SF:middleware\VerifyToken.js
FN:3,(anonymous_0)
FNF:1
FNH:1
FNDA:3,(anonymous_0)
DA:1,1
DA:2,1
DA:3,1
DA:5,3
DA:6,3
DA:9,3
DA:10,1
DA:12,1
DA:19,2
DA:21,2
DA:24,2
DA:25,1
DA:27,1
DA:37,1
DA:38,1
DA:39,1
DA:40,1
DA:41,1
DA:44,1
DA:47,1
LF:20
LH:20
BRDA:9,0,0,1
BRDA:9,0,1,2
BRDA:9,1,0,3
BRDA:9,1,1,2
BRF:4
BRH:4
end_of_record
TN:
SF:middleware\auth.middleware.js
FN:3,(anonymous_0)
FNF:1
FNH:1
FNDA:2,(anonymous_0)
DA:1,1
DA:3,1
DA:5,2
DA:7,2
DA:11,2
LF:5
LH:5
BRF:0
BRH:0
end_of_record
TN:
SF:middleware\optionalAuth.js
FN:9,(anonymous_0)
FNF:1
FNH:1
FNDA:2,(anonymous_0)
DA:1,1
DA:2,1
DA:9,1
DA:11,2
DA:14,2
DA:15,1
DA:16,1
DA:17,1
DA:21,1
DA:23,1
DA:24,1
DA:26,0
DA:31,0
DA:32,0
DA:39,0
DA:42,0
DA:44,0
DA:50,1
DA:51,1
DA:52,1
DA:53,1
LF:21
LH:15
BRDA:14,0,0,1
BRDA:14,0,1,1
BRDA:14,1,0,2
BRDA:14,1,1,1
BRDA:24,2,0,1
BRDA:24,2,1,1
BRDA:31,3,0,0
BRDA:31,3,1,0
BRF:8
BRH:6
end_of_record
TN:
SF:middleware\sanitize.js
FNF:0
FNH:0
DA:1,0
DA:3,0
DA:14,0
LF:3
LH:0
BRF:0
BRH:0
end_of_record
